2023-03-28 16:37:51,374 [Worker-1: Loading available Gradle versions] INFO  o.e.b.c.i.u.g.PublishedGradleVersions - Gradle version information cache is out-of-date. Trying to update.
2023-03-28 16:39:37,681 [Worker-1: Loading available Gradle versions] INFO  o.e.b.c.i.u.g.PublishedGradleVersions - Gradle version information cache is up-to-date. Trying to read.
2023-03-28 16:53:29,574 [ModalContext] ERROR o.e.m.c.i.p.r.ProjectRegistryReader - Can't write workspace state
java.io.FileNotFoundException: C:\Users\aly_d\Desktop\AfpaZonnConception\conception\Afpazon\.metadata\.plugins\org.eclipse.m2e.core\workspaceState.ser (Le chemin d’accès spécifié est introuvable)
	at java.base/java.io.FileOutputStream.open0(Native Method)
	at java.base/java.io.FileOutputStream.open(FileOutputStream.java:295)
	at java.base/java.io.FileOutputStream.<init>(FileOutputStream.java:236)
	at java.base/java.io.FileOutputStream.<init>(FileOutputStream.java:185)
	at org.eclipse.m2e.core.internal.project.registry.ProjectRegistryReader.createObjectOutputStream(ProjectRegistryReader.java:128)
	at org.eclipse.m2e.core.internal.project.registry.ProjectRegistryReader.writeWorkspaceState(ProjectRegistryReader.java:117)
	at org.eclipse.m2e.core.internal.project.registry.ProjectRegistryManager.writeWorkspaceState(ProjectRegistryManager.java:990)
	at org.eclipse.m2e.core.internal.project.registry.ProjectRegistryManager.saving(ProjectRegistryManager.java:1141)
	at org.eclipse.core.internal.resources.SaveManager.executeLifecycle(SaveManager.java:394)
	at org.eclipse.core.internal.resources.SaveManager$1.run(SaveManager.java:210)
	at org.eclipse.core.runtime.SafeRunner.run(SafeRunner.java:45)
	at org.eclipse.core.internal.resources.SaveManager.broadcastLifecycle(SaveManager.java:213)
	at org.eclipse.core.internal.resources.SaveManager.save(SaveManager.java:1171)
	at org.eclipse.core.internal.resources.Workspace.save(Workspace.java:2421)
	at org.eclipse.ui.internal.ide.application.IDEWorkbenchAdvisor.lambda$1(IDEWorkbenchAdvisor.java:554)
	at org.eclipse.jface.operation.ModalContext$ModalContextThread.run(ModalContext.java:122)
